
RoadmMap-Generator output messages from generation: Luton_Backup_16022023
-----------------------------------------------------------------------------------------------------------------------------

Missing connections: Roads (34), Lanes(34)
-----------------------------------------------------------------------------------------------------------------------------
1 unconnected lanes in road '/Game/__ExternalActors__/Maps/Luton/Luton_Backup_16022023/C/9N/13GF22Q5BO8S62BQ52MCI5/BP_TrafficLaneBerlin_C_UAID_0CDD24851456466601_1415234226'
1 unconnected lanes in road '/Game/__ExternalActors__/Maps/Luton/Luton_Backup_16022023/C/GF/HAK7VQHNQZ76BGS749HDE7/BP_TrafficLaneBerlin_C_UAID_0CDD24851456466601_1374151224'
1 unconnected lanes in road '/Game/__ExternalActors__/Maps/Luton/Luton_Backup_16022023/6/YZ/SKCE80DOOITT30ZZZXAZ4Y/BP_TrafficLaneBerlin_C_UAID_0CDD24851456526601_1906147434'
1 unconnected lanes in road '/Game/__ExternalActors__/Maps/Luton/Luton_Backup_16022023/7/X9/GMLVZJB8V6E5HARQIMTDID/BP_TrafficLaneBerlin_C_UAID_0CDD24851456876701_1661666702'
1 unconnected lanes in road '/Game/__ExternalActors__/Maps/Luton/Luton_Backup_16022023/7/ET/IOHPTBNUVLPW4BBM701USZ/BP_TrafficLaneBerlin_C_UAID_0CDD248514563F6701_1386071044'
1 unconnected lanes in road '/Game/__ExternalActors__/Maps/Luton/Luton_Backup_16022023/8/KQ/H6XLAYGCVSEXIQ7FXQUT82/BP_TrafficLaneBerlin_C_UAID_0CDD24851456536601_1331644617'
1 unconnected lanes in road '/Game/__ExternalActors__/Maps/Luton/Luton_Backup_16022023/6/N6/FVDB2FIEUFAHJ3G0MCP42X/BP_TrafficLaneBerlin_C_UAID_0CDD24851456396601_1660568954'
1 unconnected lanes in road '/Game/__ExternalActors__/Maps/Luton/Luton_Backup_16022023/9/U3/MJ3TCBICH8D5SW1RVVGWRA/BP_TrafficLaneBerlin_C_UAID_0CDD248514563D6701_1254927709'
1 unconnected lanes in road '/Game/__ExternalActors__/Maps/Luton/Luton_Backup_16022023/C/D1/P51KJA3YP93EPGSDTONK00/BP_TrafficLaneBerlin_C_UAID_0CDD24851456396601_1714592955'
1 unconnected lanes in road '/Game/__ExternalActors__/Maps/Luton/Luton_Backup_16022023/4/OG/NODMQQ5XK72ZTX57HPNXXP/BP_TrafficLaneBerlin_C_UAID_0CDD24851456366601_2119376381'
1 unconnected lanes in road '/Game/__ExternalActors__/Maps/Luton/Luton_Backup_16022023/9/0V/CLM28JLZX5WP7XDNNQ27Z9/BP_TrafficLaneBerlin_C_UAID_0CDD24851456DF6501_1178101099'
1 unconnected lanes in road '/Game/__ExternalActors__/Maps/Luton/Luton_Backup_16022023/B/F0/KYF5WHRR94RLB35AL7043R/BP_TrafficLaneBerlin_C_UAID_0CDD24851456396601_1657592953'
1 unconnected lanes in road '/Game/__ExternalActors__/Maps/Luton/Luton_Backup_16022023/0/KS/O4LOVV3HSIFZHTFB27UW1X/BP_TrafficLaneBerlin_C_UAID_0CDD24851456396601_1306810949'
1 unconnected lanes in road '/Game/__ExternalActors__/Maps/Luton/Luton_Backup_16022023/5/YI/SQIVKVB1YW5R75CO9JD65A/BP_TrafficLaneBerlin_C_UAID_0CDD24851456466601_1232502221'
1 unconnected lanes in road '/Game/__ExternalActors__/Maps/Luton/Luton_Backup_16022023/6/7B/ACVU5XZR6M9DM5D9HM28Z0/BP_TrafficLaneBerlin_C_UAID_0CDD24851456466601_1329214223'
1 unconnected lanes in road '/Game/__ExternalActors__/Maps/Luton/Luton_Backup_16022023/6/I3/6HPTXLDQCX19A6YD70BH77/BP_TrafficLaneBerlin_C_UAID_0CDD24851456A96501_1546079565'
1 unconnected lanes in road '/Game/__ExternalActors__/Maps/Luton/Luton_Backup_16022023/8/48/3UC1VLV7WAKCFVI9DC6OZ6/BP_TrafficLaneBerlin_C_UAID_0CDD24851456466601_1101693220'
1 unconnected lanes in road '/Game/__ExternalActors__/Maps/Luton/Luton_Backup_16022023/C/IW/M46B3349C7P75ZYVOYID58/BP_TrafficLaneBerlin_C_UAID_0CDD24851456466601_1446217228'
1 unconnected lanes in road '/Game/__ExternalActors__/Maps/Luton/Luton_Backup_16022023/3/VF/93YKOGPNKTZ7709UP3SI41/BP_TrafficLaneBerlin_C_UAID_0CDD248514563A6701_1786599151'
1 unconnected lanes in road '/Game/__ExternalActors__/Maps/Luton/Luton_Backup_16022023/5/TB/3JGB0IRFYO61EWI4FPXE4Y/BP_TrafficLaneBerlin_C_UAID_0CDD24851456376601_1647373565'
1 unconnected lanes in road '/Game/__ExternalActors__/Maps/Luton/Luton_Backup_16022023/4/N5/58TTTO5BDVCTPYO1FPUYJ2/BP_TrafficLaneBerlin_C_UAID_0CDD24851456376601_1472648563'
1 unconnected lanes in road '/Game/__ExternalActors__/Maps/Luton/Luton_Backup_16022023/0/BG/D7DG9LTZ06OC73HK3A9TJ8/BP_TrafficLaneBerlin_C_UAID_0CDD24851456426701_1753213636'
1 unconnected lanes in road '/Game/__ExternalActors__/Maps/Luton/Luton_Backup_16022023/2/EY/4MGWHYZ1H5VLQC91CDX0M2/BP_TrafficLaneBerlin_C_UAID_0CDD24851456986601_1515245642'
1 unconnected lanes in road '/Game/__ExternalActors__/Maps/Luton/Luton_Backup_16022023/4/YJ/UJ4V3B5C49ZWW96IDOHTU8/BP_TrafficLaneBerlin_C_UAID_0CDD24851456436701_1577280748'
1 unconnected lanes in road '/Game/__ExternalActors__/Maps/Luton/Luton_Backup_16022023/4/ZR/M8RSKVHCZ9BFG871BJ46J7/BP_TrafficLaneBerlin_C_UAID_0CDD24851456446701_1337696928'
1 unconnected lanes in road '/Game/__ExternalActors__/Maps/Luton/Luton_Backup_16022023/8/A2/VS6FE0WMNC2K67C6XPR55S/BP_TrafficLaneBerlin_C_UAID_0CDD24851456426701_1650834634'
1 unconnected lanes in road '/Game/__ExternalActors__/Maps/Luton/Luton_Backup_16022023/9/VF/Z4XFKE5VOC6O21YZ095VTN/BP_TrafficLaneBerlin_C_UAID_0CDD24851456526601_1552739433'
1 unconnected lanes in road '/Game/__ExternalActors__/Maps/Luton/Luton_Backup_16022023/C/79/YHCUGYOCIXT7GYCG3TW6HG/BP_TrafficLaneBerlin_C_UAID_0CDD24851456536601_1100392615'
1 unconnected lanes in road '/Game/__ExternalActors__/Maps/Luton/Luton_Backup_16022023/5/L8/QF6S67AA6L5DIQ6JQC6PCC/BP_TrafficLaneBerlin_C_UAID_0CDD24851456386601_1974349759'
1 unconnected lanes in road '/Game/__ExternalActors__/Maps/Luton/Luton_Backup_16022023/5/SM/KDZ211NG6C2VR40NKRQT1I/BP_TrafficLaneBerlin_C_UAID_0CDD24851456386601_1957319757'
1 unconnected lanes in road '/Game/__ExternalActors__/Maps/Luton/Luton_Backup_16022023/0/M3/SSZFXLWP71CH1N904UMPRO/BP_TrafficLaneBerlin_C_UAID_0CDD248514563D6701_1643158721'
1 unconnected lanes in road '/Game/__ExternalActors__/Maps/Luton/Luton_Backup_16022023/7/2S/6CB7J1N4REDIICO7WBMU5G/BP_TrafficLaneBerlin_C_UAID_0CDD248514563D6701_1534083719'
1 unconnected lanes in road '/Game/__ExternalActors__/Maps/Luton/Luton_Backup_16022023/4/H8/GT3J7V0VIQ1ADLX4TESEB1/BP_TrafficLaneBerlin_C_UAID_0CDD248514563D6701_1411346712'
1 unconnected lanes in road '/Game/__ExternalActors__/Maps/Luton/Luton_Backup_16022023/C/G5/O3XJQL9GRBVQJ5U13DOGHQ/BP_TrafficLaneBerlin_C_UAID_0CDD248514563A6701_1985632154'
