
RoadmMap-Generator output messages from generation: Luton
-----------------------------------------------------------------------------------------------------------------------------

Missing connections: Roads (51), Lanes(51)
-----------------------------------------------------------------------------------------------------------------------------
1 unconnected lanes in road '/Game/__ExternalActors__/Maps/Luton/Luton/1/BF/9N0PDEEW5RCF8SXUDFM45V/BP_TrafficLaneBerlin_C_UAID_0CDD24851456386601_2015922760'
1 unconnected lanes in road '/Game/__ExternalActors__/Maps/Luton/Luton/2/FE/YVJY0OC06QXDCXBV39X59A_Auto1/BP_TrafficLaneBerlin_C_UAID_0CDD248514564A6601_1782115912'
1 unconnected lanes in road '/Game/__ExternalActors__/Maps/Luton/Luton/4/H5/9CVF3ANEEP6KST2X9467AT_Auto4/BP_TrafficLaneBerlin_C_UAID_0CDD24851456376601_1647373565'
1 unconnected lanes in road '/Game/__ExternalActors__/Maps/Luton/Luton/4/KO/GXQVQTZRKI16BJKZ2CFKLF/BP_TrafficLaneBerlin_C_UAID_0CDD24851456976601_1686548462'
1 unconnected lanes in road '/Game/__ExternalActors__/Maps/Luton/Luton/4/YE/4HYYDIK8AP5KWEOR0CKO17/BP_TrafficLaneBerlin_C_UAID_0CDD248514563A6701_1786599151'
1 unconnected lanes in road '/Game/__ExternalActors__/Maps/Luton/Luton/5/49/8827HOGBL2YG5JIORDYD9P/BP_TrafficLaneBerlin_C_UAID_0CDD248514563A6701_1985632154'
1 unconnected lanes in road '/Game/__ExternalActors__/Maps/Luton/Luton/5/8M/7NZX7IKGVA0DQT3AIDTQKE/BP_TrafficLaneBerlin_C_UAID_0CDD248514564A6601_1826132914'
1 unconnected lanes in road '/Game/__ExternalActors__/Maps/Luton/Luton/8/0Y/41D7507I4KGPPJD2W9WBTU_Auto1/BP_TrafficLaneBerlin_C_UAID_0CDD24851456386601_1974349759'
1 unconnected lanes in road '/Game/__ExternalActors__/Maps/Luton/Luton/A/PK/566TG3QIYUM9QPRVD2INKK_Auto3/BP_TrafficLaneBerlin_C_UAID_0CDD24851456386601_1764607749'
1 unconnected lanes in road '/Game/__ExternalActors__/Maps/Luton/Luton/D/CI/F295PK1XUVUFA6OY3GH4V3_Auto4/BP_TrafficLaneBerlin_C_UAID_0CDD24851456376601_1337021562'
1 unconnected lanes in road '/Game/__ExternalActors__/Maps/Luton/Luton/E/JL/5BOHWTMXQ52SPG8BVE9JXT/BP_TrafficLaneBerlin_C_UAID_0CDD24851456386601_1957319757'
1 unconnected lanes in road '/Game/__ExternalActors__/Maps/Luton/Luton/0/H3/N1OLRLYJ1CVNTAFCLOFKKR/BP_TrafficLaneBerlin_C_UAID_0CDD24851456526601_1906147434'
1 unconnected lanes in road '/Game/__ExternalActors__/Maps/Luton/Luton/C/5L/H85KO4UH9443CC0KDPZUL7/BP_TrafficLaneBerlin_C_UAID_0CDD24851456536601_1331644617'
1 unconnected lanes in road '/Game/__ExternalActors__/Maps/Luton/Luton/8/53/8ZLW8A0S6P4YKLCHAS7RCL/BP_TrafficLaneBerlin_C_UAID_0CDD24851456996601_1507524826'
1 unconnected lanes in road '/Game/__ExternalActors__/Maps/Luton/Luton/C/KF/5UWJSM1ZD9M07SAH085QZI/BP_TrafficLaneBerlin_C_UAID_0CDD24851456526601_2018987435'
1 unconnected lanes in road '/Game/__ExternalActors__/Maps/Luton/Luton/1/28/XOEI2A6EK4FJCVQ2C95PL5/BP_TrafficLaneBerlin_C_UAID_0CDD24851456986601_1848191645'
1 unconnected lanes in road '/Game/__ExternalActors__/Maps/Luton/Luton/2/A5/3EI1QQKMJQLNIZG341L04M/BP_TrafficLaneBerlin_C_UAID_0CDD24851456986601_1515245642'
1 unconnected lanes in road '/Game/__ExternalActors__/Maps/Luton/Luton/3/VE/3US05XDM3O4WOJ5BME9DGH/BP_TrafficLaneBerlin_C_UAID_0CDD24851456986601_1971919646'
1 unconnected lanes in road '/Game/__ExternalActors__/Maps/Luton/Luton/5/SJ/Y7PKK6AT2CU3JLO067L3U4/BP_TrafficLaneBerlin_C_UAID_0CDD24851456536601_1663993626'
1 unconnected lanes in road '/Game/__ExternalActors__/Maps/Luton/Luton/7/0A/F7W70LQUQUI51X7HAZ5DQ3/BP_TrafficLaneBerlin_C_UAID_0CDD24851456526601_1552739433'
1 unconnected lanes in road '/Game/__ExternalActors__/Maps/Luton/Luton/7/JY/ZR1XEA2JUAF8G9FNVIMD1P/BP_TrafficLaneBerlin_C_UAID_0CDD24851456986601_2131939647'
1 unconnected lanes in road '/Game/__ExternalActors__/Maps/Luton/Luton/9/RR/QZDFWHCERX00OTSFBZT01D/BP_TrafficLaneBerlin_C_UAID_0CDD24851456996601_1494804825'
1 unconnected lanes in road '/Game/__ExternalActors__/Maps/Luton/Luton/D/EI/YJ12XWL8YZ24FOTTQ7A90R/BP_TrafficLaneBerlin_C_UAID_0CDD24851456986601_1844432644'
1 unconnected lanes in road '/Game/__ExternalActors__/Maps/Luton/Luton/D/FB/ETR9IDV38CI54EFV6635E3/BP_TrafficLaneBerlin_C_UAID_0CDD24851456986601_1835718643'
1 unconnected lanes in road '/Game/__ExternalActors__/Maps/Luton/Luton/E/7G/460XXW9F9O84CQIR4D6K9R/BP_TrafficLaneBerlin_C_UAID_0CDD24851456536601_1100392615'
1 unconnected lanes in road '/Game/__ExternalActors__/Maps/Luton/Luton/7/GM/58Q66PW8HSZI3BWHCND4US/BP_TrafficLaneBerlin_C_UAID_0CDD248514563D6701_1411346712'
1 unconnected lanes in road '/Game/__ExternalActors__/Maps/Luton/Luton/2/U8/PTOLXWKOC9GAORVEIA1N2A/BP_TrafficLaneBerlin_C_UAID_0CDD24851456396601_1660568954'
1 unconnected lanes in road '/Game/__ExternalActors__/Maps/Luton/Luton/A/Y5/FNIZSWMCHRTMY8O8TVOBK9/BP_TrafficLaneBerlin_C_UAID_0CDD24851456396601_1714592955'
1 unconnected lanes in road '/Game/__ExternalActors__/Maps/Luton/Luton/C/UX/V52GCA45B0A5A9ZNQSLWA2/BP_TrafficLaneBerlin_C_UAID_0CDD248514563D6701_1254927709'
1 unconnected lanes in road '/Game/__ExternalActors__/Maps/Luton/Luton/E/48/MBRUPKUR20R9FO7L4YE9AJ/BP_TrafficLaneBerlin_C_UAID_0CDD24851456396601_1657592953'
1 unconnected lanes in road '/Game/__ExternalActors__/Maps/Luton/Luton/2/SD/D3EPWBMW70L3NRYDK3UQWW_Auto1/BP_TrafficLaneBerlin_C_UAID_0CDD24851456386601_1824902755'
1 unconnected lanes in road '/Game/__ExternalActors__/Maps/Luton/Luton/2/WC/H5VJAE14SVJPYAG9WQ1FU7_Auto1/BP_TrafficLaneBerlin_C_UAID_0CDD24851456386601_1789762752'
1 unconnected lanes in road '/Game/__ExternalActors__/Maps/Luton/Luton/5/SV/FQV5UQPD7CT6F1LZ3KKOPJ/BP_TrafficLaneBerlin_C_UAID_0CDD248514564A6601_1806157913'
1 unconnected lanes in road '/Game/__ExternalActors__/Maps/Luton/Luton/7/LR/7UZKINRHW7VK2TRBVU67K3/BP_TrafficLaneBerlin_C_UAID_0CDD24851456366601_1603192376'
1 unconnected lanes in road '/Game/__ExternalActors__/Maps/Luton/Luton/8/XQ/YSEMCI7YZWF3D5T8GG2GUW/BP_TrafficLaneBerlin_C_UAID_0CDD24851456386601_1826940756'
1 unconnected lanes in road '/Game/__ExternalActors__/Maps/Luton/Luton/9/LX/MGWA81VIAUZDE0A433WRHM/BP_TrafficLaneBerlin_C_UAID_0CDD24851456386601_1776346750'
1 unconnected lanes in road '/Game/__ExternalActors__/Maps/Luton/Luton/A/16/XE03DA7BRDGDHAUBU871I4/BP_TrafficLaneBerlin_C_UAID_0CDD24851456376601_1207216560'
1 unconnected lanes in road '/Game/__ExternalActors__/Maps/Luton/Luton/E/NK/TBSITHBJYDI68MN2QIKW8Q/BP_TrafficLaneBerlin_C_UAID_0CDD24851456366601_1694638377'
1 unconnected lanes in road '/Game/__ExternalActors__/Maps/Luton/Luton/3/6B/W7ANWE1BTWI09ELCUY7TMO/BP_TrafficLaneBerlin_C_UAID_0CDD24851456466601_1446217228'
1 unconnected lanes in road '/Game/__ExternalActors__/Maps/Luton/Luton/6/IA/151UHCNZ963WW3YQBVJ3A2/BP_TrafficLaneBerlin_C_UAID_0CDD24851456466601_1415234226'
1 unconnected lanes in road '/Game/__ExternalActors__/Maps/Luton/Luton/C/N7/VFT0Q5H1VIV6UO8DRV2QH5/BP_TrafficLaneBerlin_C_UAID_0CDD24851456466601_1232502221'
1 unconnected lanes in road '/Game/__ExternalActors__/Maps/Luton/Luton/D/SE/E4C3JNP4GMDANS8ORJU00D_Auto1/BP_TrafficLaneBerlin_C_UAID_0CDD24851456396601_1086982941'
1 unconnected lanes in road '/Game/__ExternalActors__/Maps/Luton/Luton/D/WP/TESE1FMNVZ137MSCV3L7I2_Auto2/BP_TrafficLaneBerlin_C_UAID_0CDD24851456466601_1101693220'
1 unconnected lanes in road '/Game/__ExternalActors__/Maps/Luton/Luton/F/4U/2760F84YNK5DD1R09TM79L/BP_TrafficLaneBerlin_C_UAID_0CDD24851456466601_1329214223'
1 unconnected lanes in road '/Game/__ExternalActors__/Maps/Luton/Luton/E/KZ/ZL9HLP45K84DRJE6CJ338X_Auto1/BP_TrafficLaneBerlin_C_UAID_0CDD24851456366601_2119376381'
1 unconnected lanes in road '/Game/__ExternalActors__/Maps/Luton/Luton/2/JG/ZLFAKPX85LU7EDWU5Z2JF6/BP_TrafficLaneBerlin_C_UAID_0CDD24851456396601_1306810949'
1 unconnected lanes in road '/Game/__ExternalActors__/Maps/Luton/Luton/E/Y4/IS8V9SSJYJOCXPXGQFEKW0/BP_TrafficLaneBerlin_C_UAID_0CDD24851456A96501_1546079565'
1 unconnected lanes in road '/Game/__ExternalActors__/Maps/Luton/Luton/F/05/P5NPOHQDYSP3IOFPYHG3YR/BP_TrafficLaneBerlin_C_UAID_0CDD248514563D6701_1517552718'
1 unconnected lanes in road '/Game/__ExternalActors__/Maps/Luton/Luton/1/JS/JRGJWZB4SA31T31DIPLXD5/BP_TrafficLaneBerlin_C_UAID_0CDD24851456536601_1426461618'
1 unconnected lanes in road '/Game/__ExternalActors__/Maps/Luton/Luton/D/JC/8NQYPOKTGS96GDFRJ1GATN_Auto1/BP_TrafficLaneBerlin_C_UAID_0CDD24851456376601_1472648563'
1 unconnected lanes in road '/Game/__ExternalActors__/Maps/Luton/Luton/E/QY/CY3BJZWGU69NY11E9MNXEU/BP_TrafficLaneBerlin_C_UAID_0CDD24851456466601_1374151224'

Duplicate Roads (2)
-----------------------------------------------------------------------------------------------------------------------------
1 duplicates in road '/Game/Maps/Luton/Luton.Luton:PersistentLevel.BP_TrafficLaneBerlin_C_UAID_0CDD24851456DF6501_1393216104.NODE_AddLaneComponent-0'
		/Game/Maps/Luton/Luton.Luton:PersistentLevel.BP_TrafficLaneBerlin_C_UAID_0CDD248514563C6701_2113399522.NODE_AddLaneComponent-0

1 duplicates in road '/Game/Maps/Luton/Luton.Luton:PersistentLevel.BP_TrafficLaneBerlin_C_UAID_0CDD248514563D6701_1944923727.NODE_AddLaneComponent-0'
		/Game/Maps/Luton/Luton.Luton:PersistentLevel.BP_TrafficLaneBerlin_C_UAID_0CDD24851456376601_1096914558.NODE_AddLaneComponent-0

